0 info it worked if it ends with ok
1 verbose cli [ '/home/afbayonac/.nvm/versions/node/v6.9.4/bin/node',
1 verbose cli   '/home/afbayonac/.nvm/versions/node/v6.9.4/bin/npm',
1 verbose cli   'run',
1 verbose cli   'lint' ]
2 info using npm@3.10.10
3 info using node@v6.9.4
4 verbose run-script [ 'prelint', 'lint', 'postlint' ]
5 info lifecycle deep-politics@~prelint: deep-politics@
6 silly lifecycle deep-politics@~prelint: no script for prelint, continuing
7 info lifecycle deep-politics@~lint: deep-politics@
8 verbose lifecycle deep-politics@~lint: unsafe-perm in lifecycle true
9 verbose lifecycle deep-politics@~lint: PATH: /home/afbayonac/.nvm/versions/node/v6.9.4/lib/node_modules/npm/bin/node-gyp-bin:/home/afbayonac/Develop/deep-politics/node_modules/.bin:/home/afbayonac/.nvm/versions/node/v6.9.4/bin:/home/afbayonac/anaconda3/bin:/home/afbayonac/bin:/home/afbayonac/bin/mongodb/bin:/usr/local/sbin:/usr/local/bin:/usr/bin:/usr/lib/jvm/default/bin:/usr/bin/site_perl:/usr/bin/vendor_perl:/usr/bin/core_perl:/home/afbayonac/Android/Sdk/tools:/home/afbayonac/Android/Sdk/platform-tools
10 verbose lifecycle deep-politics@~lint: CWD: /home/afbayonac/Develop/deep-politics
11 silly lifecycle deep-politics@~lint: Args: [ '-c', 'eslint .' ]
12 silly lifecycle deep-politics@~lint: Returned: code: 1  signal: null
13 info lifecycle deep-politics@~lint: Failed to exec lint script
14 verbose stack Error: deep-politics@ lint: `eslint .`
14 verbose stack Exit status 1
14 verbose stack     at EventEmitter.<anonymous> (/home/afbayonac/.nvm/versions/node/v6.9.4/lib/node_modules/npm/lib/utils/lifecycle.js:255:16)
14 verbose stack     at emitTwo (events.js:106:13)
14 verbose stack     at EventEmitter.emit (events.js:191:7)
14 verbose stack     at ChildProcess.<anonymous> (/home/afbayonac/.nvm/versions/node/v6.9.4/lib/node_modules/npm/lib/utils/spawn.js:40:14)
14 verbose stack     at emitTwo (events.js:106:13)
14 verbose stack     at ChildProcess.emit (events.js:191:7)
14 verbose stack     at maybeClose (internal/child_process.js:877:16)
14 verbose stack     at Process.ChildProcess._handle.onexit (internal/child_process.js:226:5)
15 verbose pkgid deep-politics@
16 verbose cwd /home/afbayonac/Develop/deep-politics
17 error Linux 4.14.9-1-ARCH
18 error argv "/home/afbayonac/.nvm/versions/node/v6.9.4/bin/node" "/home/afbayonac/.nvm/versions/node/v6.9.4/bin/npm" "run" "lint"
19 error node v6.9.4
20 error npm  v3.10.10
21 error code ELIFECYCLE
22 error deep-politics@ lint: `eslint .`
22 error Exit status 1
23 error Failed at the deep-politics@ lint script 'eslint .'.
23 error Make sure you have the latest version of node.js and npm installed.
23 error If you do, this is most likely a problem with the deep-politics package,
23 error not with npm itself.
23 error Tell the author that this fails on your system:
23 error     eslint .
23 error You can get information on how to open an issue for this project with:
23 error     npm bugs deep-politics
23 error Or if that isn't available, you can get their info via:
23 error     npm owner ls deep-politics
23 error There is likely additional logging output above.
24 verbose exit [ 1, true ]
